#
# There is insufficient memory for the Java Runtime Environment to continue.
# Native memory allocation (mmap) failed to map 83886080 bytes for Failed to commit area from 0x00000000b0800000 to 0x00000000b5800000 of length 83886080.
# Possible reasons:
#   The system is out of physical RAM or swap space
#   The process is running with CompressedOops enabled, and the Java Heap may be blocking the growth of the native heap
# Possible solutions:
#   Reduce memory load on the system
#   Increase physical memory or swap space
#   Check if swap backing store is full
#   Decrease Java heap size (-Xmx/-Xms)
#   Decrease number of Java threads
#   Decrease Java thread stack sizes (-Xss)
#   Set larger code cache with -XX:ReservedCodeCacheSize=
# This output file may be truncated or incomplete.
#
#  Out of Memory Error (./src/hotspot/os/windows/os_windows.cpp:3619), pid=2712, tid=1360
#
# JRE version:  (11.0.13) (build )
# Java VM: OpenJDK 64-Bit Server VM (11.0.13+0-b1751.21-8125866, mixed mode, sharing, tiered, compressed oops, g1 gc, windows-amd64)
# No core dump will be written. Minidumps are not enabled by default on client versions of Windows
#

---------------  S U M M A R Y ------------

Command Line: 

Host: AMD A6-6310 APU with AMD Radeon R4 Graphics    , 4 cores, 4G,  Windows 10 , 64 bit Build 19041 (10.0.19041.2364)
Time: Sat Jan 14 02:40:44 2023 Malay Peninsula Standard Time elapsed time: 0.300302 seconds (0d 0h 0m 0s)

---------------  T H R E A D  ---------------

Current thread (0x000001d80c9de800):  JavaThread "Unknown thread" [_thread_in_vm, id=1360, stack(0x000000bbd7800000,0x000000bbd7900000)]

Stack: [0x000000bbd7800000,0x000000bbd7900000]
Native frames: (J=compiled Java code, j=interpreted, Vv=VM code, C=native code)
V  [jvm.dll+0x6100fa]
V  [jvm.dll+0x747090]
V  [jvm.dll+0x7486ad]
V  [jvm.dll+0x748d83]
V  [jvm.dll+0x24ab48]
V  [jvm.dll+0x60d164]
V  [jvm.dll+0x601e75]
V  [jvm.dll+0x308bdb]
V  [jvm.dll+0x308b4a]
V  [jvm.dll+0x308a22]
V  [jvm.dll+0x30d986]
V  [jvm.dll+0x357093]
V  [jvm.dll+0x357796]
V  [jvm.dll+0x357193]
V  [jvm.dll+0x2e3448]
V  [jvm.dll+0x2e45f7]
V  [jvm.dll+0x7242e7]
V  [jvm.dll+0x725adc]
V  [jvm.dll+0x364629]
V  [jvm.dll+0x707cee]
V  [jvm.dll+0x3d2633]
V  [jvm.dll+0x3d4a21]
C  [jli.dll+0x536b]
C  [ucrtbase.dll+0x21bb2]
C  [KERNEL32.DLL+0x17614]
C  [ntdll.dll+0x526a1]


---------------  P R O C E S S  ---------------

Threads class SMR info:
_java_thread_list=0x000001d80a93e9c0, length=0, elements={
}

Java Threads: ( => current thread )

Other Threads:
  0x000001d80c9f2800 GCTaskThread "GC Thread#0" [stack: 0x000000bbd7900000,0x000000bbd7a00000] [id=8216]
  0x000001d80ca11800 ConcurrentGCThread "G1 Main Marker" [stack: 0x000000bbd7a00000,0x000000bbd7b00000] [id=10744]
  0x000001d80ca13000 ConcurrentGCThread "G1 Conc#0" [stack: 0x000000bbd7b00000,0x000000bbd7c00000] [id=4612]

[error occurred during error reporting (printing all threads), id 0xc0000005, EXCEPTION_ACCESS_VIOLATION (0xc0000005) at pc=0x00007ffee4933dd7]

VM state:not at safepoint (not fully initialized)

VM Mutex/Monitor currently owned by a thread:  ([mutex/lock_event])
[0x000001d80c9db9b0] Heap_lock - owner thread: 0x000001d80c9de800

Heap address: 0x00000000b0800000, size: 1272 MB, Compressed Oops mode: Non-zero based: 0x00000000b0800000
Narrow klass base: 0x0000000000000000, Narrow klass shift: 0

GC Heap History (0 events):
No events

Deoptimization events (0 events):
No events

Classes redefined (0 events):
No events

Internal exceptions (0 events):
No events

Events (1 events):
Event: 0.073 Loaded shared library C:\Program Files\Android\Android Studio\jre\bin\zip.dll


Dynamic libraries:
0x00007ff768200000 - 0x00007ff76820a000 	C:\Program Files\Android\Android Studio\jre\bin\java.EXE
0x00007fff24a70000 - 0x00007fff24c68000 	C:\WINDOWS\SYSTEM32\ntdll.dll
0x00007fff23aa0000 - 0x00007fff23b5f000 	C:\WINDOWS\System32\KERNEL32.DLL
0x00007fff22830000 - 0x00007fff22b02000 	C:\WINDOWS\System32\KERNELBASE.dll
0x00007fff22500000 - 0x00007fff22600000 	C:\WINDOWS\System32\ucrtbase.dll
0x00007fff169c0000 - 0x00007fff169d9000 	C:\Program Files\Android\Android Studio\jre\bin\jli.dll
0x00007fff236c0000 - 0x00007fff23861000 	C:\WINDOWS\System32\USER32.dll
0x00007fff22320000 - 0x00007fff22342000 	C:\WINDOWS\System32\win32u.dll
0x00007fff23690000 - 0x00007fff236bb000 	C:\WINDOWS\System32\GDI32.dll
0x00007fff223f0000 - 0x00007fff224ff000 	C:\WINDOWS\System32\gdi32full.dll
0x00007fff22690000 - 0x00007fff2272d000 	C:\WINDOWS\System32\msvcp_win.dll
0x00007fff0ee00000 - 0x00007fff0ee17000 	C:\Program Files\Android\Android Studio\jre\bin\VCRUNTIME140.dll
0x00007fff11f40000 - 0x00007fff121da000 	C:\WINDOWS\WinSxS\amd64_microsoft.windows.common-controls_6595b64144ccf1df_6.0.19041.1110_none_60b5254171f9507e\COMCTL32.dll
0x00007fff23870000 - 0x00007fff2390e000 	C:\WINDOWS\System32\msvcrt.dll
0x00007fff23c10000 - 0x00007fff23c42000 	C:\WINDOWS\System32\IMM32.DLL
0x00007fff03d50000 - 0x00007fff03ded000 	C:\Program Files\Android\Android Studio\jre\bin\msvcp140.dll
0x00007ffee4640000 - 0x00007ffee5142000 	C:\Program Files\Android\Android Studio\jre\bin\server\jvm.dll
0x00007fff24790000 - 0x00007fff2483e000 	C:\WINDOWS\System32\ADVAPI32.dll
0x00007fff245b0000 - 0x00007fff2464c000 	C:\WINDOWS\System32\sechost.dll
0x00007fff23910000 - 0x00007fff23a35000 	C:\WINDOWS\System32\RPCRT4.dll
0x00007fff24780000 - 0x00007fff24788000 	C:\WINDOWS\System32\PSAPI.DLL
0x00007fff1a8b0000 - 0x00007fff1a8b9000 	C:\WINDOWS\SYSTEM32\WSOCK32.dll
0x00007fff24390000 - 0x00007fff243fb000 	C:\WINDOWS\System32\WS2_32.dll
0x00007fff1d950000 - 0x00007fff1d977000 	C:\WINDOWS\SYSTEM32\WINMM.dll
0x00007fff1acb0000 - 0x00007fff1acba000 	C:\WINDOWS\SYSTEM32\VERSION.dll
0x00007fff20080000 - 0x00007fff20092000 	C:\WINDOWS\SYSTEM32\kernel.appcore.dll
0x00007fff0e290000 - 0x00007fff0e2a1000 	C:\Program Files\Android\Android Studio\jre\bin\verify.dll
0x00007fff115e0000 - 0x00007fff117c4000 	C:\WINDOWS\SYSTEM32\DBGHELP.DLL
0x00007fff115a0000 - 0x00007fff115d5000 	C:\WINDOWS\SYSTEM32\dbgcore.DLL
0x00007fff22600000 - 0x00007fff22682000 	C:\WINDOWS\System32\bcryptPrimitives.dll
0x00007fff0bea0000 - 0x00007fff0bec9000 	C:\Program Files\Android\Android Studio\jre\bin\java.dll
0x00007fff18230000 - 0x00007fff1823b000 	C:\Program Files\Android\Android Studio\jre\bin\jimage.dll
0x00007fff0c640000 - 0x00007fff0c658000 	C:\Program Files\Android\Android Studio\jre\bin\zip.dll

dbghelp: loaded successfully - version: 4.0.5 - missing functions: none
symbol engine: initialized successfully - sym options: 0x614 - pdb path: .;C:\Program Files\Android\Android Studio\jre\bin;C:\WINDOWS\SYSTEM32;C:\WINDOWS\WinSxS\amd64_microsoft.windows.common-controls_6595b64144ccf1df_6.0.19041.1110_none_60b5254171f9507e;C:\Program Files\Android\Android Studio\jre\bin\server

VM Arguments:
java_command: <unknown>
java_class_path (initial): <not set>
Launcher Type: SUN_STANDARD

[Global flags]
     intx CICompilerCount                          = 3                                         {product} {ergonomic}
     uint ConcGCThreads                            = 1                                         {product} {ergonomic}
     uint G1ConcRefinementThreads                  = 4                                         {product} {ergonomic}
   size_t G1HeapRegionSize                         = 1048576                                   {product} {ergonomic}
    uintx GCDrainStackTargetSize                   = 64                                        {product} {ergonomic}
   size_t InitialHeapSize                          = 83886080                                  {product} {ergonomic}
   size_t MarkStackSize                            = 4194304                                   {product} {ergonomic}
   size_t MaxHeapSize                              = 1333788672                                {product} {ergonomic}
   size_t MinHeapDeltaBytes                        = 1048576                                   {product} {ergonomic}
    uintx NonNMethodCodeHeapSize                   = 5830732                                {pd product} {ergonomic}
    uintx NonProfiledCodeHeapSize                  = 122913754                              {pd product} {ergonomic}
    uintx ProfiledCodeHeapSize                     = 122913754                              {pd product} {ergonomic}
    uintx ReservedCodeCacheSize                    = 251658240                              {pd product} {ergonomic}
     bool SegmentedCodeCache                       = true                                      {product} {ergonomic}
     bool UseCompressedClassPointers               = true                                 {lp64_product} {ergonomic}
     bool UseCompressedOops                        = true                                 {lp64_product} {ergonomic}
     bool UseG1GC                                  = true                                      {product} {ergonomic}
     bool UseLargePagesIndividualAllocation        = false                                  {pd product} {ergonomic}

Logging:
Log output configuration:
 #0: stdout all=warning uptime,level,tags
 #1: stderr all=off uptime,level,tags

Environment Variables:
PATH=C:\Program Files\Common Files\Oracle\Java\javapath;C:\WINDOWS\system32;C:\WINDOWS;C:\WINDOWS\System32\Wbem;C:\WINDOWS\System32\WindowsPowerShell\v1.0\;C:\WINDOWS\System32\OpenSSH\;C:\xampp2\php;C:\ProgramData\ComposerSetup\bin;C:\Program Files\nodejs\;C:\ProgramData\chocolatey\bin;C:\Program Files\Git\cmd;C:\Users\Evian\AppData\Local\Microsoft\WindowsApps;C:\Users\Evian\AppData\Roaming\Composer\vendor\bin;C:\Users\Evian\AppData\Roaming\npm;C:\Users\Evian\AppData\Local\Programs\Microsoft VS Code\bin;C:\flutter\bin;;C:\flutter\bin\mingit\cmd
USERNAME=Evian
OS=Windows_NT
PROCESSOR_IDENTIFIER=AMD64 Family 22 Model 48 Stepping 1, AuthenticAMD



---------------  S Y S T E M  ---------------

OS: Windows 10 , 64 bit Build 19041 (10.0.19041.2364)
OS uptime: 1 days 4:57 hours

CPU:total 4 (initial active 4) (4 cores per cpu, 1 threads per core) family 22 model 48 stepping 1 microcode 0x0, cmov, cx8, fxsr, mmx, sse, sse2, sse3, ssse3, sse4.1, sse4.2, popcnt, avx, aes, clmul, mmxext, 3dnowpref, lzcnt, sse4a, tsc, tscinvbit, tscinv, bmi1

Memory: 4k page, system-wide physical 5084M (866M free)
TotalPageFile size 15731M (AvailPageFile size 108M)
current process WorkingSet (physical memory assigned to process): 9M, peak: 9M
current process commit charge ("private bytes"): 51M, peak: 131M

vm_info: OpenJDK 64-Bit Server VM (11.0.13+0-b1751.21-8125866) for windows-amd64 JRE (11.0.13+0-b1751.21-8125866), built on Feb  2 2022 03:00:22 by "builder" with MS VC++ 14.0 (VS2015)

END.
