#
# There is insufficient memory for the Java Runtime Environment to continue.
# Native memory allocation (malloc) failed to allocate 32744 bytes for ChunkPool::allocate
# Possible reasons:
#   The system is out of physical RAM or swap space
#   The process is running with CompressedOops enabled, and the Java Heap may be blocking the growth of the native heap
# Possible solutions:
#   Reduce memory load on the system
#   Increase physical memory or swap space
#   Check if swap backing store is full
#   Decrease Java heap size (-Xmx/-Xms)
#   Decrease number of Java threads
#   Decrease Java thread stack sizes (-Xss)
#   Set larger code cache with -XX:ReservedCodeCacheSize=
#   JVM is running with Unscaled Compressed Oops mode in which the Java heap is
#     placed in the first 4GB address space. The Java Heap base address is the
#     maximum limit for the native heap growth. Please use -XX:HeapBaseMinAddress
#     to set the Java Heap base and to place the Java Heap above 4GB virtual address.
# This output file may be truncated or incomplete.
#
#  Out of Memory Error (arena.cpp:78), pid=11192, tid=10780
#
# JRE version: OpenJDK Runtime Environment Temurin-17.0.5+8 (17.0.5+8) (build 17.0.5+8)
# Java VM: OpenJDK 64-Bit Server VM Temurin-17.0.5+8 (17.0.5+8, mixed mode, tiered, compressed oops, compressed class ptrs, parallel gc, windows-amd64)
# No core dump will be written. Minidumps are not enabled by default on client versions of Windows
#

---------------  S U M M A R Y ------------

Command Line: --add-modules=ALL-SYSTEM --add-opens=java.base/java.util=ALL-UNNAMED --add-opens=java.base/java.lang=ALL-UNNAMED --add-opens=java.base/sun.nio.fs=ALL-UNNAMED -Declipse.application=org.eclipse.jdt.ls.core.id1 -Dosgi.bundles.defaultStartLevel=4 -Declipse.product=org.eclipse.jdt.ls.core.product -Djava.import.generatesMetadataFilesAtProjectRoot=false -Dfile.encoding=utf8 -XX:+UseParallelGC -XX:GCTimeRatio=4 -XX:AdaptiveSizePolicyWeight=90 -Dsun.zip.disableMemoryMapping=true -Xmx1G -Xms100m -Xlog:disable -javaagent:c:\Users\Evian\.vscode\extensions\redhat.java-1.13.0-win32-x64\lombok\lombok-1.18.24.jar c:\Users\Evian\.vscode\extensions\redhat.java-1.13.0-win32-x64\server\plugins\org.eclipse.equinox.launcher_1.6.400.v20210924-0641.jar -configuration c:\Users\Evian\AppData\Roaming\Code\User\globalStorage\redhat.java\1.13.0\config_ss_win -data c:\Users\Evian\AppData\Roaming\Code\User\workspaceStorage\12e6465a1f9a04b9f8f9c44237d42ad4\redhat.java\ss_ws

Host: AMD A6-6310 APU with AMD Radeon R4 Graphics    , 4 cores, 4G,  Windows 10 , 64 bit Build 19041 (10.0.19041.2364)
Time: Sat Jan 14 03:31:59 2023 Malay Peninsula Standard Time elapsed time: 2.537190 seconds (0d 0h 0m 2s)

---------------  T H R E A D  ---------------

Current thread (0x000001aa4cefd560):  JavaThread "C1 CompilerThread0" daemon [_thread_in_native, id=10780, stack(0x000000903cc00000,0x000000903cd00000)]


Current CompileTask:
C1:   2537  648       3       sun.security.provider.ByteArrayAccess::b2iBig64 (231 bytes)

Stack: [0x000000903cc00000,0x000000903cd00000]
Native frames: (J=compiled Java code, j=interpreted, Vv=VM code, C=native code)
V  [jvm.dll+0x676b3a]
V  [jvm.dll+0x831444]
V  [jvm.dll+0x832bee]
V  [jvm.dll+0x833253]
V  [jvm.dll+0x244ce5]
V  [jvm.dll+0xabdcc]
V  [jvm.dll+0xac17c]
V  [jvm.dll+0x175704]
V  [jvm.dll+0x1759dd]
V  [jvm.dll+0x175a5d]
V  [jvm.dll+0x178223]
V  [jvm.dll+0x179d31]
V  [jvm.dll+0x1344f3]
V  [jvm.dll+0x133def]
V  [jvm.dll+0x134026]
V  [jvm.dll+0x1334ba]
V  [jvm.dll+0x135181]
V  [jvm.dll+0x22698a]
V  [jvm.dll+0x224ac5]
V  [jvm.dll+0x7e727b]
V  [jvm.dll+0x7e17ea]
V  [jvm.dll+0x6759e5]
C  [ucrtbase.dll+0x21bb2]
C  [KERNEL32.DLL+0x17614]
C  [ntdll.dll+0x526a1]


---------------  P R O C E S S  ---------------

Threads class SMR info:
_java_thread_list=0x000001aa4d1e07b0, length=12, elements={
0x000001aa377640c0, 0x000001aa4b57a750, 0x000001aa4b57b710, 0x000001aa4b5a4270,
0x000001aa4b5a4d30, 0x000001aa4b5a7600, 0x000001aa4b5a7ec0, 0x000001aa4b5a8b60,
0x000001aa4cefd560, 0x000001aa4cf00220, 0x000001aa4cfb86b0, 0x000001aa4d14e020
}

Java Threads: ( => current thread )
  0x000001aa377640c0 JavaThread "main" [_thread_in_vm, id=10604, stack(0x000000903c200000,0x000000903c300000)]
  0x000001aa4b57a750 JavaThread "Reference Handler" daemon [_thread_blocked, id=1052, stack(0x000000903c500000,0x000000903c600000)]
  0x000001aa4b57b710 JavaThread "Finalizer" daemon [_thread_blocked, id=2756, stack(0x000000903c600000,0x000000903c700000)]
  0x000001aa4b5a4270 JavaThread "Signal Dispatcher" daemon [_thread_blocked, id=8776, stack(0x000000903c700000,0x000000903c800000)]
  0x000001aa4b5a4d30 JavaThread "Attach Listener" daemon [_thread_blocked, id=6812, stack(0x000000903c800000,0x000000903c900000)]
  0x000001aa4b5a7600 JavaThread "Service Thread" daemon [_thread_blocked, id=3128, stack(0x000000903c900000,0x000000903ca00000)]
  0x000001aa4b5a7ec0 JavaThread "Monitor Deflation Thread" daemon [_thread_blocked, id=10344, stack(0x000000903ca00000,0x000000903cb00000)]
  0x000001aa4b5a8b60 JavaThread "C2 CompilerThread0" daemon [_thread_in_native, id=5040, stack(0x000000903cb00000,0x000000903cc00000)]
=>0x000001aa4cefd560 JavaThread "C1 CompilerThread0" daemon [_thread_in_native, id=10780, stack(0x000000903cc00000,0x000000903cd00000)]
  0x000001aa4cf00220 JavaThread "Sweeper thread" daemon [_thread_blocked, id=2588, stack(0x000000903cd00000,0x000000903ce00000)]
  0x000001aa4cfb86b0 JavaThread "Common-Cleaner" daemon [_thread_blocked, id=9904, stack(0x000000903ce00000,0x000000903cf00000)]
  0x000001aa4d14e020 JavaThread "Notification Thread" daemon [_thread_blocked, id=10108, stack(0x000000903cf00000,0x000000903d000000)]

Other Threads:
  0x000001aa4b563790 VMThread "VM Thread" [stack: 0x000000903c400000,0x000000903c500000] [id=1240]
  0x000001aa4d14e4f0 WatcherThread [stack: 0x000000903d000000,0x000000903d100000] [id=11052]
  0x000001aa3777a160 GCTaskThread "GC Thread#0" [stack: 0x000000903c300000,0x000000903c400000] [id=7060]

Threads with active compile tasks:
C2 CompilerThread0     2654  641       4       lombok.patcher.PatchScript::classMatches (41 bytes)
C1 CompilerThread0     2654  648       3       sun.security.provider.ByteArrayAccess::b2iBig64 (231 bytes)

VM state: not at safepoint (normal execution)

VM Mutex/Monitor currently owned by a thread: None

Heap address: 0x00000000c0000000, size: 1024 MB, Compressed Oops mode: 32-bit

CDS archive(s) not mapped
Compressed class space mapped at: 0x0000000100000000-0x0000000140000000, reserved size: 1073741824
Narrow klass base: 0x0000000000000000, Narrow klass shift: 3, Narrow klass range: 0x140000000

GC Precious Log:
 CPUs: 4 total, 4 available
 Memory: 5084M
 Large Page Support: Disabled
 NUMA Support: Disabled
 Compressed Oops: Enabled (32-bit)
 Alignments: Space 512K, Generation 512K, Heap 2M
 Heap Min Capacity: 100M
 Heap Initial Capacity: 100M
 Heap Max Capacity: 1G
 Pre-touch: Disabled
 Parallel Workers: 4

Heap:
 PSYoungGen      total 29696K, used 14076K [0x00000000eab00000, 0x00000000ecc00000, 0x0000000100000000)
  eden space 25600K, 54% used [0x00000000eab00000,0x00000000eb8bf0b0,0x00000000ec400000)
  from space 4096K, 0% used [0x00000000ec800000,0x00000000ec800000,0x00000000ecc00000)
  to   space 4096K, 0% used [0x00000000ec400000,0x00000000ec400000,0x00000000ec800000)
 ParOldGen       total 68608K, used 0K [0x00000000c0000000, 0x00000000c4300000, 0x00000000eab00000)
  object space 68608K, 0% used [0x00000000c0000000,0x00000000c0000000,0x00000000c4300000)
 Metaspace       used 9119K, committed 9216K, reserved 1064960K
  class space    used 903K, committed 960K, reserved 1048576K

Card table byte_map: [0x000001aa37110000,0x000001aa37320000] _byte_map_base: 0x000001aa36b10000

Marking Bits: (ParMarkBitMap*) 0x00007ffeebc30dd0
 Begin Bits: [0x000001aa493f0000, 0x000001aa4a3f0000)
 End Bits:   [0x000001aa4a3f0000, 0x000001aa4b3f0000)

Polling page: 0x000001aa358e0000

Metaspace:

Usage:
  Non-class:      8.02 MB used.
      Class:    903.33 KB used.
       Both:      8.91 MB used.

Virtual space:
  Non-class space:       16.00 MB reserved,       8.06 MB ( 50%) committed,  2 nodes.
      Class space:        1.00 GB reserved,     960.00 KB ( <1%) committed,  1 nodes.
             Both:        1.02 GB reserved,       9.00 MB ( <1%) committed. 

Chunk freelists:
   Non-Class:  3.94 MB
       Class:  3.09 MB
        Both:  7.03 MB

MaxMetaspaceSize: unlimited
CompressedClassSpaceSize: 1.00 GB
Initial GC threshold: 21.00 MB
Current GC threshold: 21.00 MB
CDS: off
MetaspaceReclaimPolicy: balanced
 - commit_granule_bytes: 65536.
 - commit_granule_words: 8192.
 - virtual_space_node_default_size: 1048576.
 - enlarge_chunks_in_place: 1.
 - new_chunks_are_fully_committed: 0.
 - uncommit_free_chunks: 1.
 - use_allocation_guard: 0.
 - handle_deallocations: 1.


Internal statistics:

num_allocs_failed_limit: 0.
num_arena_births: 12.
num_arena_deaths: 0.
num_vsnodes_births: 3.
num_vsnodes_deaths: 0.
num_space_committed: 144.
num_space_uncommitted: 0.
num_chunks_returned_to_freelist: 0.
num_chunks_taken_from_freelist: 45.
num_chunk_merges: 0.
num_chunk_splits: 23.
num_chunks_enlarged: 18.
num_purges: 0.
num_inconsistent_stats: 0.

CodeHeap 'non-profiled nmethods': size=120000Kb used=200Kb max_used=200Kb free=119799Kb
 bounds [0x000001aa41ec0000, 0x000001aa42130000, 0x000001aa493f0000]
CodeHeap 'profiled nmethods': size=120000Kb used=1018Kb max_used=1018Kb free=118981Kb
 bounds [0x000001aa3a990000, 0x000001aa3ac00000, 0x000001aa41ec0000]
CodeHeap 'non-nmethods': size=5760Kb used=1129Kb max_used=1144Kb free=4630Kb
 bounds [0x000001aa3a3f0000, 0x000001aa3a660000, 0x000001aa3a990000]
 total_blobs=1062 nmethods=644 adapters=334
 compilation: enabled
              stopped_count=0, restarted_count=0
 full_count=0

Compilation events (20 events):
Event: 2.456 Thread 0x000001aa4cefd560 nmethod 624 0x000001aa3aa8c710 code [0x000001aa3aa8c8e0, 0x000001aa3aa8cbc8]
Event: 2.456 Thread 0x000001aa4cefd560  636       1       java.lang.Integer::intValue (5 bytes)
Event: 2.456 Thread 0x000001aa4b5a8b60 nmethod 638 0x000001aa41ef0b90 code [0x000001aa41ef0d00, 0x000001aa41ef0df8]
Event: 2.456 Thread 0x000001aa4cefd560 nmethod 636 0x000001aa41ef0f10 code [0x000001aa41ef10a0, 0x000001aa41ef1178]
Event: 2.456 Thread 0x000001aa4cefd560  639       3       java.io.OutputStream::<init> (5 bytes)
Event: 2.456 Thread 0x000001aa4cefd560 nmethod 639 0x000001aa3aa8cc90 code [0x000001aa3aa8ce20, 0x000001aa3aa8cf78]
Event: 2.463 Thread 0x000001aa4b5a8b60  640       4       java.util.HashSet::iterator (13 bytes)
Event: 2.483 Thread 0x000001aa4b5a8b60 nmethod 640 0x000001aa41ef1210 code [0x000001aa41ef13c0, 0x000001aa41ef1918]
Event: 2.484 Thread 0x000001aa4b5a8b60  641       4       lombok.patcher.PatchScript::classMatches (41 bytes)
Event: 2.505 Thread 0x000001aa4cefd560  643       3       java.lang.String::valueOf (15 bytes)
Event: 2.505 Thread 0x000001aa4cefd560 nmethod 643 0x000001aa3aa8d010 code [0x000001aa3aa8d1c0, 0x000001aa3aa8d3c8]
Event: 2.507 Thread 0x000001aa4cefd560  644       3       java.security.Provider$ServiceKey::<init> (39 bytes)
Event: 2.508 Thread 0x000001aa4cefd560 nmethod 644 0x000001aa3aa8d490 code [0x000001aa3aa8d680, 0x000001aa3aa8dac8]
Event: 2.509 Thread 0x000001aa4cefd560  645       1       java.security.Provider$UString::toString (5 bytes)
Event: 2.509 Thread 0x000001aa4cefd560 nmethod 645 0x000001aa41ef1c90 code [0x000001aa41ef1e20, 0x000001aa41ef1ef8]
Event: 2.510 Thread 0x000001aa4cefd560  646       1       java.security.Provider$Service::getProvider (5 bytes)
Event: 2.510 Thread 0x000001aa4cefd560 nmethod 646 0x000001aa41ef1f90 code [0x000001aa41ef2120, 0x000001aa41ef21f8]
Event: 2.516 Thread 0x000001aa4cefd560  647       3       sun.security.provider.SHA2::implCompress0 (490 bytes)
Event: 2.517 Thread 0x000001aa4cefd560 nmethod 647 0x000001aa3aa8dc90 code [0x000001aa3aa8de80, 0x000001aa3aa8e6e8]
Event: 2.518 Thread 0x000001aa4cefd560  648       3       sun.security.provider.ByteArrayAccess::b2iBig64 (231 bytes)

GC Heap History (0 events):
No events

Dll operation events (8 events):
Event: 0.019 Loaded shared library c:\Users\Evian\.vscode\extensions\redhat.java-1.13.0-win32-x64\jre\17.0.5-win32-x86_64\bin\java.dll
Event: 0.853 Loaded shared library c:\Users\Evian\.vscode\extensions\redhat.java-1.13.0-win32-x64\jre\17.0.5-win32-x86_64\bin\zip.dll
Event: 0.861 Loaded shared library C:\Users\Evian\.vscode\extensions\redhat.java-1.13.0-win32-x64\jre\17.0.5-win32-x86_64\bin\instrument.dll
Event: 0.898 Loaded shared library C:\Users\Evian\.vscode\extensions\redhat.java-1.13.0-win32-x64\jre\17.0.5-win32-x86_64\bin\net.dll
Event: 0.903 Loaded shared library C:\Users\Evian\.vscode\extensions\redhat.java-1.13.0-win32-x64\jre\17.0.5-win32-x86_64\bin\nio.dll
Event: 0.924 Loaded shared library C:\Users\Evian\.vscode\extensions\redhat.java-1.13.0-win32-x64\jre\17.0.5-win32-x86_64\bin\zip.dll
Event: 1.016 Loaded shared library C:\Users\Evian\.vscode\extensions\redhat.java-1.13.0-win32-x64\jre\17.0.5-win32-x86_64\bin\jimage.dll
Event: 1.338 Loaded shared library c:\Users\Evian\.vscode\extensions\redhat.java-1.13.0-win32-x64\jre\17.0.5-win32-x86_64\bin\verify.dll

Deoptimization events (20 events):
Event: 1.760 Thread 0x000001aa377640c0 DEOPT PACKING pc=0x000001aa3a9ab113 sp=0x000000903c2fc960
Event: 1.761 Thread 0x000001aa377640c0 DEOPT UNPACKING pc=0x000001aa3a442843 sp=0x000000903c2fbe20 mode 0
Event: 1.766 Thread 0x000001aa377640c0 DEOPT PACKING pc=0x000001aa3a9ab03a sp=0x000000903c2fb260
Event: 1.766 Thread 0x000001aa377640c0 DEOPT UNPACKING pc=0x000001aa3a442843 sp=0x000000903c2fa710 mode 0
Event: 1.779 Thread 0x000001aa377640c0 DEOPT PACKING pc=0x000001aa3a9ab113 sp=0x000000903c2fa530
Event: 1.779 Thread 0x000001aa377640c0 DEOPT UNPACKING pc=0x000001aa3a442843 sp=0x000000903c2f99f0 mode 0
Event: 1.781 Thread 0x000001aa377640c0 DEOPT PACKING pc=0x000001aa3a9ab113 sp=0x000000903c2fa530
Event: 1.781 Thread 0x000001aa377640c0 DEOPT UNPACKING pc=0x000001aa3a442843 sp=0x000000903c2f99f0 mode 0
Event: 1.965 Thread 0x000001aa377640c0 Uncommon trap: trap_request=0xffffff45 fr.pc=0x000001aa41ed4040 relative=0x00000000000000c0
Event: 1.965 Thread 0x000001aa377640c0 Uncommon trap: reason=unstable_if action=reinterpret pc=0x000001aa41ed4040 method=java.net.URI.match(CJJ)Z @ 45 c2
Event: 1.965 Thread 0x000001aa377640c0 DEOPT PACKING pc=0x000001aa41ed4040 sp=0x000000903c2fc9a0
Event: 1.965 Thread 0x000001aa377640c0 DEOPT UNPACKING pc=0x000001aa3a4420a3 sp=0x000000903c2fc928 mode 2
Event: 2.037 Thread 0x000001aa377640c0 Uncommon trap: trap_request=0xffffff45 fr.pc=0x000001aa41ee31d4 relative=0x00000000000005f4
Event: 2.037 Thread 0x000001aa377640c0 Uncommon trap: reason=unstable_if action=reinterpret pc=0x000001aa41ee31d4 method=java.lang.String.replace(Ljava/lang/CharSequence;Ljava/lang/CharSequence;)Ljava/lang/String; @ 48 c2
Event: 2.037 Thread 0x000001aa377640c0 DEOPT PACKING pc=0x000001aa41ee31d4 sp=0x000000903c2fc920
Event: 2.037 Thread 0x000001aa377640c0 DEOPT UNPACKING pc=0x000001aa3a4420a3 sp=0x000000903c2fc8a0 mode 2
Event: 2.151 Thread 0x000001aa377640c0 Uncommon trap: trap_request=0xffffffde fr.pc=0x000001aa41ee3e0c relative=0x00000000000001ec
Event: 2.151 Thread 0x000001aa377640c0 Uncommon trap: reason=class_check action=maybe_recompile pc=0x000001aa41ee3e0c method=java.util.Collections$UnmodifiableCollection$1.next()Ljava/lang/Object; @ 4 c2
Event: 2.151 Thread 0x000001aa377640c0 DEOPT PACKING pc=0x000001aa41ee3e0c sp=0x000000903c2fc4e0
Event: 2.151 Thread 0x000001aa377640c0 DEOPT UNPACKING pc=0x000001aa3a4420a3 sp=0x000000903c2fc490 mode 2

Classes unloaded (0 events):
No events

Classes redefined (0 events):
No events

Internal exceptions (2 events):
Event: 0.737 Thread 0x000001aa377640c0 Exception <a 'java/lang/NoSuchMethodError'{0x00000000eacb2170}: 'void java.lang.invoke.DirectMethodHandle$Holder.invokeStatic(java.lang.Object, java.lang.Object, java.lang.Object)'> (0x00000000eacb2170) 
thrown [s\src\hotspot\share\interpreter\linkResolver.cpp, line 759]
Event: 1.445 Thread 0x000001aa377640c0 Exception <a 'java/lang/reflect/InvocationTargetException'{0x00000000eaf78068}> (0x00000000eaf78068) 
thrown [s\src\hotspot\share\runtime\reflection.cpp, line 1121]

VM Operations (8 events):
Event: 0.750 Executing VM operation: HandshakeAllThreads
Event: 0.750 Executing VM operation: HandshakeAllThreads done
Event: 1.073 Executing VM operation: HandshakeAllThreads
Event: 1.073 Executing VM operation: HandshakeAllThreads done
Event: 2.073 Executing VM operation: Cleanup
Event: 2.073 Executing VM operation: Cleanup done
Event: 2.459 Executing VM operation: HandshakeAllThreads
Event: 2.459 Executing VM operation: HandshakeAllThreads done

Events (20 events):
Event: 2.457 loading class sun/security/util/KeyUtil
Event: 2.457 loading class sun/security/util/KeyUtil done
Event: 2.458 loading class sun/security/util/Length
Event: 2.458 loading class sun/security/util/Length done
Event: 2.458 loading class javax/crypto/SecretKey
Event: 2.458 loading class javax/crypto/SecretKey done
Event: 2.458 loading class java/util/LinkedHashMap$LinkedEntrySet
Event: 2.458 loading class java/util/LinkedHashMap$LinkedEntrySet done
Event: 2.458 loading class java/util/LinkedHashMap$LinkedEntryIterator
Event: 2.459 loading class java/util/LinkedHashMap$LinkedEntryIterator done
Event: 2.463 loading class java/util/Base64
Event: 2.463 loading class java/util/Base64 done
Event: 2.463 loading class java/util/Base64$Decoder
Event: 2.464 loading class java/util/Base64$Decoder done
Event: 2.464 loading class java/util/Base64$Encoder
Event: 2.464 loading class java/util/Base64$Encoder done
Event: 2.465 loading class java/util/jar/JarVerifier$VerifierStream
Event: 2.465 loading class java/util/jar/JarVerifier$VerifierStream done
Event: 2.466 loading class sun/security/util/ManifestEntryVerifier$SunProviderHolder
Event: 2.466 loading class sun/security/util/ManifestEntryVerifier$SunProviderHolder done


Dynamic libraries:
0x00007ff7113d0000 - 0x00007ff7113de000 	c:\Users\Evian\.vscode\extensions\redhat.java-1.13.0-win32-x64\jre\17.0.5-win32-x86_64\bin\java.exe
0x00007fff24a70000 - 0x00007fff24c68000 	C:\WINDOWS\SYSTEM32\ntdll.dll
0x00007fff23aa0000 - 0x00007fff23b5f000 	C:\WINDOWS\System32\KERNEL32.DLL
0x00007fff22830000 - 0x00007fff22b02000 	C:\WINDOWS\System32\KERNELBASE.dll
0x00007fff22500000 - 0x00007fff22600000 	C:\WINDOWS\System32\ucrtbase.dll
0x00007fff175f0000 - 0x00007fff17607000 	c:\Users\Evian\.vscode\extensions\redhat.java-1.13.0-win32-x64\jre\17.0.5-win32-x86_64\bin\jli.dll
0x00007fff236c0000 - 0x00007fff23861000 	C:\WINDOWS\System32\USER32.dll
0x00007fff22320000 - 0x00007fff22342000 	C:\WINDOWS\System32\win32u.dll
0x00007fff23690000 - 0x00007fff236bb000 	C:\WINDOWS\System32\GDI32.dll
0x00007fff223f0000 - 0x00007fff224ff000 	C:\WINDOWS\System32\gdi32full.dll
0x00007fff22690000 - 0x00007fff2272d000 	C:\WINDOWS\System32\msvcp_win.dll
0x00007fff15400000 - 0x00007fff15419000 	c:\Users\Evian\.vscode\extensions\redhat.java-1.13.0-win32-x64\jre\17.0.5-win32-x86_64\bin\VCRUNTIME140.dll
0x00007fff11f40000 - 0x00007fff121da000 	C:\WINDOWS\WinSxS\amd64_microsoft.windows.common-controls_6595b64144ccf1df_6.0.19041.1110_none_60b5254171f9507e\COMCTL32.dll
0x00007fff23870000 - 0x00007fff2390e000 	C:\WINDOWS\System32\msvcrt.dll
0x00007fff23c10000 - 0x00007fff23c42000 	C:\WINDOWS\System32\IMM32.DLL
0x00007fff1a820000 - 0x00007fff1a82c000 	c:\Users\Evian\.vscode\extensions\redhat.java-1.13.0-win32-x64\jre\17.0.5-win32-x86_64\bin\vcruntime140_1.dll
0x00007fff0b580000 - 0x00007fff0b611000 	c:\Users\Evian\.vscode\extensions\redhat.java-1.13.0-win32-x64\jre\17.0.5-win32-x86_64\bin\msvcp140.dll
0x00007ffeeb0b0000 - 0x00007ffeebcf4000 	c:\Users\Evian\.vscode\extensions\redhat.java-1.13.0-win32-x64\jre\17.0.5-win32-x86_64\bin\server\jvm.dll
0x00007fff24790000 - 0x00007fff2483e000 	C:\WINDOWS\System32\ADVAPI32.dll
0x00007fff245b0000 - 0x00007fff2464c000 	C:\WINDOWS\System32\sechost.dll
0x00007fff23910000 - 0x00007fff23a35000 	C:\WINDOWS\System32\RPCRT4.dll
0x00007fff18230000 - 0x00007fff18239000 	C:\WINDOWS\SYSTEM32\WSOCK32.dll
0x00007fff24390000 - 0x00007fff243fb000 	C:\WINDOWS\System32\WS2_32.dll
0x00007fff1d950000 - 0x00007fff1d977000 	C:\WINDOWS\SYSTEM32\WINMM.dll
0x00007fff1acb0000 - 0x00007fff1acba000 	C:\WINDOWS\SYSTEM32\VERSION.dll
0x00007fff20080000 - 0x00007fff20092000 	C:\WINDOWS\SYSTEM32\kernel.appcore.dll
0x00007fff175e0000 - 0x00007fff175ea000 	c:\Users\Evian\.vscode\extensions\redhat.java-1.13.0-win32-x64\jre\17.0.5-win32-x86_64\bin\jimage.dll
0x00007fff115e0000 - 0x00007fff117c4000 	C:\WINDOWS\SYSTEM32\DBGHELP.DLL
0x00007fff115a0000 - 0x00007fff115d5000 	C:\WINDOWS\SYSTEM32\dbgcore.DLL
0x00007fff22600000 - 0x00007fff22682000 	C:\WINDOWS\System32\bcryptPrimitives.dll
0x00007fff162e0000 - 0x00007fff162ee000 	c:\Users\Evian\.vscode\extensions\redhat.java-1.13.0-win32-x64\jre\17.0.5-win32-x86_64\bin\instrument.dll
0x00007fff0d7d0000 - 0x00007fff0d7f5000 	c:\Users\Evian\.vscode\extensions\redhat.java-1.13.0-win32-x64\jre\17.0.5-win32-x86_64\bin\java.dll
0x00007fff11a80000 - 0x00007fff11a98000 	c:\Users\Evian\.vscode\extensions\redhat.java-1.13.0-win32-x64\jre\17.0.5-win32-x86_64\bin\zip.dll
0x00007fff22b10000 - 0x00007fff23254000 	C:\WINDOWS\System32\SHELL32.dll
0x00007fff20280000 - 0x00007fff20a12000 	C:\WINDOWS\SYSTEM32\windows.storage.dll
0x00007fff23260000 - 0x00007fff235b5000 	C:\WINDOWS\System32\combase.dll
0x00007fff21b40000 - 0x00007fff21b70000 	C:\WINDOWS\SYSTEM32\Wldp.dll
0x00007fff23b60000 - 0x00007fff23c0d000 	C:\WINDOWS\System32\SHCORE.dll
0x00007fff240c0000 - 0x00007fff24115000 	C:\WINDOWS\System32\shlwapi.dll
0x00007fff22100000 - 0x00007fff2211f000 	C:\WINDOWS\SYSTEM32\profapi.dll
0x00007fff0be90000 - 0x00007fff0bea9000 	C:\Users\Evian\.vscode\extensions\redhat.java-1.13.0-win32-x64\jre\17.0.5-win32-x86_64\bin\net.dll
0x00007fff1c700000 - 0x00007fff1c80c000 	C:\WINDOWS\SYSTEM32\WINHTTP.dll
0x00007fff218a0000 - 0x00007fff2190a000 	C:\WINDOWS\system32\mswsock.dll
0x00007fff0b9a0000 - 0x00007fff0b9b5000 	C:\Users\Evian\.vscode\extensions\redhat.java-1.13.0-win32-x64\jre\17.0.5-win32-x86_64\bin\nio.dll
0x00007fff11b00000 - 0x00007fff11b10000 	c:\Users\Evian\.vscode\extensions\redhat.java-1.13.0-win32-x64\jre\17.0.5-win32-x86_64\bin\verify.dll

dbghelp: loaded successfully - version: 4.0.5 - missing functions: none
symbol engine: initialized successfully - sym options: 0x614 - pdb path: .;c:\Users\Evian\.vscode\extensions\redhat.java-1.13.0-win32-x64\jre\17.0.5-win32-x86_64\bin;C:\WINDOWS\SYSTEM32;C:\WINDOWS\WinSxS\amd64_microsoft.windows.common-controls_6595b64144ccf1df_6.0.19041.1110_none_60b5254171f9507e;c:\Users\Evian\.vscode\extensions\redhat.java-1.13.0-win32-x64\jre\17.0.5-win32-x86_64\bin\server

VM Arguments:
jvm_args: --add-modules=ALL-SYSTEM --add-opens=java.base/java.util=ALL-UNNAMED --add-opens=java.base/java.lang=ALL-UNNAMED --add-opens=java.base/sun.nio.fs=ALL-UNNAMED -Declipse.application=org.eclipse.jdt.ls.core.id1 -Dosgi.bundles.defaultStartLevel=4 -Declipse.product=org.eclipse.jdt.ls.core.product -Djava.import.generatesMetadataFilesAtProjectRoot=false -Dfile.encoding=utf8 -XX:+UseParallelGC -XX:GCTimeRatio=4 -XX:AdaptiveSizePolicyWeight=90 -Dsun.zip.disableMemoryMapping=true -Xmx1G -Xms100m -Xlog:disable -javaagent:c:\Users\Evian\.vscode\extensions\redhat.java-1.13.0-win32-x64\lombok\lombok-1.18.24.jar 
java_command: c:\Users\Evian\.vscode\extensions\redhat.java-1.13.0-win32-x64\server\plugins\org.eclipse.equinox.launcher_1.6.400.v20210924-0641.jar -configuration c:\Users\Evian\AppData\Roaming\Code\User\globalStorage\redhat.java\1.13.0\config_ss_win -data c:\Users\Evian\AppData\Roaming\Code\User\workspaceStorage\12e6465a1f9a04b9f8f9c44237d42ad4\redhat.java\ss_ws
java_class_path (initial): c:\Users\Evian\.vscode\extensions\redhat.java-1.13.0-win32-x64\server\plugins\org.eclipse.equinox.launcher_1.6.400.v20210924-0641.jar
Launcher Type: SUN_STANDARD

[Global flags]
    uintx AdaptiveSizePolicyWeight                 = 90                                        {product} {command line}
     intx CICompilerCount                          = 3                                         {product} {ergonomic}
    uintx GCTimeRatio                              = 4                                         {product} {command line}
   size_t InitialHeapSize                          = 104857600                                 {product} {command line}
   size_t MaxHeapSize                              = 1073741824                                {product} {command line}
   size_t MaxNewSize                               = 357564416                                 {product} {ergonomic}
   size_t MinHeapDeltaBytes                        = 524288                                    {product} {ergonomic}
   size_t MinHeapSize                              = 104857600                                 {product} {command line}
   size_t NewSize                                  = 34603008                                  {product} {ergonomic}
    uintx NonNMethodCodeHeapSize                   = 5832780                                {pd product} {ergonomic}
    uintx NonProfiledCodeHeapSize                  = 122912730                              {pd product} {ergonomic}
   size_t OldSize                                  = 70254592                                  {product} {ergonomic}
    uintx ProfiledCodeHeapSize                     = 122912730                              {pd product} {ergonomic}
    uintx ReservedCodeCacheSize                    = 251658240                              {pd product} {ergonomic}
     bool SegmentedCodeCache                       = true                                      {product} {ergonomic}
   size_t SoftMaxHeapSize                          = 1073741824                             {manageable} {ergonomic}
     bool UseCompressedClassPointers               = true                           {product lp64_product} {ergonomic}
     bool UseCompressedOops                        = true                           {product lp64_product} {ergonomic}
     bool UseLargePagesIndividualAllocation        = false                                  {pd product} {ergonomic}
     bool UseParallelGC                            = true                                      {product} {command line}

Logging:
Log output configuration:
 #0: stdout all=off uptime,level,tags
 #1: stderr all=off uptime,level,tags

Environment Variables:
PATH=C:\Program Files\Common Files\Oracle\Java\javapath;C:\WINDOWS\system32;C:\WINDOWS;C:\WINDOWS\System32\Wbem;C:\WINDOWS\System32\WindowsPowerShell\v1.0\;C:\WINDOWS\System32\OpenSSH\;C:\xampp2\php;C:\ProgramData\ComposerSetup\bin;C:\Program Files\nodejs\;C:\ProgramData\chocolatey\bin;C:\Program Files\Git\cmd;C:\Users\Evian\AppData\Local\Microsoft\WindowsApps;C:\Users\Evian\AppData\Roaming\Composer\vendor\bin;C:\Users\Evian\AppData\Roaming\npm;C:\Users\Evian\AppData\Local\Programs\Microsoft VS Code\bin;C:\flutter\bin;
USERNAME=Evian
OS=Windows_NT
PROCESSOR_IDENTIFIER=AMD64 Family 22 Model 48 Stepping 1, AuthenticAMD
TMP=C:\Users\Evian\AppData\Local\Temp
TEMP=C:\Users\Evian\AppData\Local\Temp



---------------  S Y S T E M  ---------------

OS:
 Windows 10 , 64 bit Build 19041 (10.0.19041.2364)
OS uptime: 1 days 5:48 hours

CPU: total 4 (initial active 4) (4 cores per cpu, 1 threads per core) family 22 model 48 stepping 1 microcode 0x0, cx8, cmov, fxsr, mmx, 3dnowpref, sse, sse2, sse3, ssse3, sse4a, sse4.1, sse4.2, popcnt, lzcnt, tsc, tscinvbit, avx, aes, clmul, bmi1, vzeroupper, clflush

Memory: 4k page, system-wide physical 5084M (329M free)
TotalPageFile size 16441M (AvailPageFile size 0M)
current process WorkingSet (physical memory assigned to process): 55M, peak: 55M
current process commit charge ("private bytes"): 181M, peak: 181M

vm_info: OpenJDK 64-Bit Server VM (17.0.5+8) for windows-amd64 JRE (17.0.5+8), built on Oct 19 2022 04:48:13 by "temurin" with MS VC++ 16.7 (VS2019)

END.
