#
# A fatal error has been detected by the Java Runtime Environment:
#
#  EXCEPTION_ACCESS_VIOLATION (0xc0000005) at pc=0x00007fff169d1be9, pid=11072, tid=2512
#
# JRE version:  (17.0.2+8) (build )
# Java VM: Java HotSpot(TM) 64-Bit Server VM (17.0.2+8-LTS-86, mixed mode, sharing, tiered, unknown gc, windows-amd64)
# Problematic frame:
# C  [jimage.dll+0x1be9]
#
# No core dump will be written. Minidumps are not enabled by default on client versions of Windows
#
#

---------------  S U M M A R Y ------------

Command Line: 

Host: AMD A6-6310 APU with AMD Radeon R4 Graphics    , 4 cores, 4G,  Windows 10 , 64 bit Build 19041 (10.0.19041.2364)
Time: Sat Jan 14 02:40:51 2023 Malay Peninsula Standard Time elapsed time: 0.416297 seconds (0d 0h 0m 0s)

---------------  T H R E A D  ---------------

Current thread is native thread

Stack: [0x0000001335000000,0x0000001335100000],  sp=0x00000013350fd720,  free space=1013k
Native frames: (J=compiled Java code, j=interpreted, Vv=VM code, C=native code)
C  [jimage.dll+0x1be9]


siginfo: EXCEPTION_ACCESS_VIOLATION (0xc0000005), reading address 0x0000000000017754


Registers:
RAX=0x0000000000005dce, RBX=0x00000013350fd811, RCX=0x00007fff169d6000, RDX=0x0000000000005dce
RSP=0x00000013350fd720, RBP=0x00000013350fd810, RSI=0x00000000000071d2, RDI=0x00000013350fd810
R8 =0x00007fff169d4288, R9 =0x000000000000001c, R10=0x00007fff17670000, R11=0x00007fff169d6000
R12=0x0000000000000000, R13=0x0000000000000000, R14=0x00000013350fe880, R15=0x00007ffee4e53548
RIP=0x00007fff169d1be9, EFLAGS=0x0000000000010212

Top of Stack: (sp=0x00000013350fd720)
0x00000013350fd720:   0000000000000340 00000000000003ff
0x00000013350fd730:   000001af85e943b0 00000013350fd890
0x00000013350fd740:   000001af85ddbf20 00007fff169d1d77
0x00000013350fd750:   000000000000000b 000001af85ddbf20
0x00000013350fd760:   00000013350fd7b1 0000000000000101
0x00000013350fd770:   000001af85dc0150 00000000000003c0
0x00000013350fd780:   000001af85dc8634 000001af85dc0150
0x00000013350fd790:   000004b4ffffffff 00000000000003ff
0x00000013350fd7a0:   000001af85cb1788 0000000300000020
0x00000013350fd7b0:   0000edbdc5fe7566 0000000017000017
0x00000013350fd7c0:   00007ffee4e31b20 0000000000000017
0x00000013350fd7d0:   000001af85ddbf20 00000013350fe880
0x00000013350fd7e0:   000000000000000b 00007fff169d2655
0x00000013350fd7f0:   00000000000009ee 00000000000009ee
0x00000013350fd800:   00000000000009ee 000001af85dc0000
0x00000013350fd810:   61622e6176616a2f 692f6b646a2f6573 

Instructions: (pc=0x00007fff169d1be9)
0x00007fff169d1ae9:   48 85 c9 74 1d 80 3d 1b 45 00 00 00 74 06 48 8b
0x00007fff169d1af9:   53 18 eb 04 48 8b 53 40 e8 ae 0e 00 00 48 83 63
0x00007fff169d1b09:   48 00 8b 4b 0c 83 f9 ff 74 09 e8 e4 0c 00 00 83
0x00007fff169d1b19:   4b 0c ff 48 8b 4b 70 48 85 c9 74 0f ba 10 00 00
0x00007fff169d1b29:   00 e8 fd 0e 00 00 48 83 63 70 00 48 83 c4 20 5b
0x00007fff169d1b39:   c3 cc cc 40 53 48 83 ec 20 48 8b d9 48 8d 0d d4
0x00007fff169d1b49:   46 00 00 e8 b3 0c 00 00 83 6b 08 01 75 24 48 8b
0x00007fff169d1b59:   d3 48 8d 0d b7 44 00 00 e8 22 08 00 00 48 8b cb
0x00007fff169d1b69:   e8 de fe ff ff ba 78 00 00 00 48 8b cb e8 b1 0e
0x00007fff169d1b79:   00 00 48 8d 0d 9e 46 00 00 48 83 c4 20 5b e9 80
0x00007fff169d1b89:   0c 00 00 48 89 5c 24 08 48 89 74 24 10 57 48 83
0x00007fff169d1b99:   ec 20 41 8b f1 4d 8b c8 48 8b fa 4c 8b d9 4d 85
0x00007fff169d1ba9:   c0 74 78 85 f6 74 74 44 8a 12 48 8d 5a 01 48 8b
0x00007fff169d1bb9:   d3 b8 93 01 00 01 eb 12 69 c0 93 01 00 01 41 0f
0x00007fff169d1bc9:   b6 ca 44 8a 12 33 c1 48 ff c2 45 84 d2 75 e9 4d
0x00007fff169d1bd9:   8b 03 0f ba f0 1f 33 d2 49 8b cb f7 f6 48 63 c2
0x00007fff169d1be9:   41 8b 14 81 41 ff 50 08 85 c0 7e 24 8a 0f eb 10
0x00007fff169d1bf9:   69 c0 93 01 00 01 0f b6 c9 33 c1 8a 0b 48 ff c3
0x00007fff169d1c09:   84 c9 75 ec 0f ba f0 1f 33 d2 f7 f6 8b c2 eb 0e
0x00007fff169d1c19:   79 09 83 c9 ff 2b c8 8b c1 eb 03 83 c8 ff 48 8b
0x00007fff169d1c29:   5c 24 30 48 8b 74 24 38 48 83 c4 20 5f c3 cc 48
0x00007fff169d1c39:   89 5c 24 08 48 89 74 24 10 57 48 83 ec 20 48 8b
0x00007fff169d1c49:   f1 48 8d 0d cf 45 00 00 e8 ae 0b 00 00 33 ff 39
0x00007fff169d1c59:   3d ba 43 00 00 76 24 48 8b 05 b9 43 00 00 48 8b
0x00007fff169d1c69:   d6 48 8b 1c f8 48 8b 0b e8 64 1e 00 00 85 c0 74
0x00007fff169d1c79:   2b ff c7 3b 3d 96 43 00 00 72 dc 33 db 48 8d 0d
0x00007fff169d1c89:   93 45 00 00 e8 7a 0b 00 00 48 8b 74 24 38 48 8b
0x00007fff169d1c99:   c3 48 8b 5c 24 30 48 83 c4 20 5f c3 ff 43 08 eb
0x00007fff169d1ca9:   dc cc cc 48 89 5c 24 08 48 89 74 24 10 57 48 83
0x00007fff169d1cb9:   ec 20 48 8b d9 48 8b f2 48 8b 49 10 49 8b f8 8b
0x00007fff169d1cc9:   53 30 48 8b 01 ff 50 20 4c 8b 43 50 48 8b d6 48
0x00007fff169d1cd9:   8b 4b 10 44 8b c8 e8 a8 fe ff ff 83 f8 ff 74 38 



---------------  P R O C E S S  ---------------

VM state: not at safepoint (not fully initialized)

VM Mutex/Monitor currently owned by a thread: None

GC Precious Log:
<Not initialized>


Dynamic libraries:
0x00007ff71e9d0000 - 0x00007ff71e9e0000 	C:\Program Files\Java\jdk-17.0.2\bin\java.exe
0x00007fff24a70000 - 0x00007fff24c68000 	C:\WINDOWS\SYSTEM32\ntdll.dll
0x00007fff23aa0000 - 0x00007fff23b5f000 	C:\WINDOWS\System32\KERNEL32.DLL
0x00007fff22830000 - 0x00007fff22b02000 	C:\WINDOWS\System32\KERNELBASE.dll
0x00007fff22500000 - 0x00007fff22600000 	C:\WINDOWS\System32\ucrtbase.dll
0x00007fff17690000 - 0x00007fff176a8000 	C:\Program Files\Java\jdk-17.0.2\bin\jli.dll
0x00007fff24790000 - 0x00007fff2483e000 	C:\WINDOWS\System32\ADVAPI32.dll
0x00007fff23870000 - 0x00007fff2390e000 	C:\WINDOWS\System32\msvcrt.dll
0x00007fff245b0000 - 0x00007fff2464c000 	C:\WINDOWS\System32\sechost.dll
0x00007fff23910000 - 0x00007fff23a35000 	C:\WINDOWS\System32\RPCRT4.dll
0x00007fff236c0000 - 0x00007fff23861000 	C:\WINDOWS\System32\USER32.dll
0x00007fff22320000 - 0x00007fff22342000 	C:\WINDOWS\System32\win32u.dll
0x00007fff23690000 - 0x00007fff236bb000 	C:\WINDOWS\System32\GDI32.dll
0x00007fff223f0000 - 0x00007fff224ff000 	C:\WINDOWS\System32\gdi32full.dll
0x00007fff22690000 - 0x00007fff2272d000 	C:\WINDOWS\System32\msvcp_win.dll
0x00007fff17670000 - 0x00007fff1768a000 	C:\Program Files\Java\jdk-17.0.2\bin\VCRUNTIME140.dll
0x00007fff11f40000 - 0x00007fff121da000 	C:\WINDOWS\WinSxS\amd64_microsoft.windows.common-controls_6595b64144ccf1df_6.0.19041.1110_none_60b5254171f9507e\COMCTL32.dll
0x00007fff1acb0000 - 0x00007fff1acba000 	C:\WINDOWS\SYSTEM32\VERSION.dll
0x00007fff23c10000 - 0x00007fff23c42000 	C:\WINDOWS\System32\IMM32.DLL
0x00007fff1a8b0000 - 0x00007fff1a8bc000 	C:\Program Files\Java\jdk-17.0.2\bin\vcruntime140_1.dll
0x00007fff07520000 - 0x00007fff075ad000 	C:\Program Files\Java\jdk-17.0.2\bin\msvcp140.dll
0x00007ffee4580000 - 0x00007ffee5141000 	C:\Program Files\Java\jdk-17.0.2\bin\server\jvm.dll
0x00007fff24780000 - 0x00007fff24788000 	C:\WINDOWS\System32\PSAPI.DLL
0x00007fff1d950000 - 0x00007fff1d977000 	C:\WINDOWS\SYSTEM32\WINMM.dll
0x00007fff18230000 - 0x00007fff18239000 	C:\WINDOWS\SYSTEM32\WSOCK32.dll
0x00007fff24390000 - 0x00007fff243fb000 	C:\WINDOWS\System32\WS2_32.dll
0x00007fff20080000 - 0x00007fff20092000 	C:\WINDOWS\SYSTEM32\kernel.appcore.dll
0x00007fff169d0000 - 0x00007fff169da000 	C:\Program Files\Java\jdk-17.0.2\bin\jimage.dll
0x00007fff115e0000 - 0x00007fff117c4000 	C:\WINDOWS\SYSTEM32\DBGHELP.DLL
0x00007fff115a0000 - 0x00007fff115d5000 	C:\WINDOWS\SYSTEM32\dbgcore.DLL
0x00007fff22600000 - 0x00007fff22682000 	C:\WINDOWS\System32\bcryptPrimitives.dll

dbghelp: loaded successfully - version: 4.0.5 - missing functions: none
symbol engine: initialized successfully - sym options: 0x614 - pdb path: .;C:\Program Files\Java\jdk-17.0.2\bin;C:\WINDOWS\SYSTEM32;C:\WINDOWS\WinSxS\amd64_microsoft.windows.common-controls_6595b64144ccf1df_6.0.19041.1110_none_60b5254171f9507e;C:\Program Files\Java\jdk-17.0.2\bin\server

VM Arguments:
java_command: <unknown>
java_class_path (initial): <not set>
Launcher Type: SUN_STANDARD

[Global flags]
     bool UseLargePagesIndividualAllocation        = false                                  {pd product} {ergonomic}

Logging:
Log output configuration:
 #0: stdout all=warning uptime,level,tags
 #1: stderr all=off uptime,level,tags

Environment Variables:
PATH=C:\Program Files\Common Files\Oracle\Java\javapath;C:\WINDOWS\system32;C:\WINDOWS;C:\WINDOWS\System32\Wbem;C:\WINDOWS\System32\WindowsPowerShell\v1.0\;C:\WINDOWS\System32\OpenSSH\;C:\xampp2\php;C:\ProgramData\ComposerSetup\bin;C:\Program Files\nodejs\;C:\ProgramData\chocolatey\bin;C:\Program Files\Git\cmd;C:\Users\Evian\AppData\Local\Microsoft\WindowsApps;C:\Users\Evian\AppData\Roaming\Composer\vendor\bin;C:\Users\Evian\AppData\Roaming\npm;C:\Users\Evian\AppData\Local\Programs\Microsoft VS Code\bin;C:\flutter\bin;;C:\flutter\bin\mingit\cmd
USERNAME=Evian
OS=Windows_NT
PROCESSOR_IDENTIFIER=AMD64 Family 22 Model 48 Stepping 1, AuthenticAMD



---------------  S Y S T E M  ---------------

OS:
 Windows 10 , 64 bit Build 19041 (10.0.19041.2364)
OS uptime: 1 days 4:57 hours

CPU: total 4 (initial active 0) 

Memory: 4k page, system-wide physical 5084M (756M free)
TotalPageFile size 15731M (AvailPageFile size 0M)
current process WorkingSet (physical memory assigned to process): 7M, peak: 7M
current process commit charge ("private bytes"): 2M, peak: 3M

vm_info: Java HotSpot(TM) 64-Bit Server VM (17.0.2+8-LTS-86) for windows-amd64 JRE (17.0.2+8-LTS-86), built on Dec  7 2021 21:51:03 by "mach5one" with MS VC++ 16.8 / 16.9 (VS2019)

END.
